Removed Pin From Net: NetName=GND Pin=8-PIN-1-6
Removed Pin From Net: NetName=GND Pin=8-PIN-1-7
Removed Pin From Net: NetName=GND Pin=8-PIN-2-6
Removed Pin From Net: NetName=GND Pin=8-PIN-2-7
Removed Pin From Net: NetName=GND Pin=15V-1-2
Removed Pin From Net: NetName=GND Pin=15V-2-2
Removed Pin From Net: NetName=GND Pin=C1-1
Removed Pin From Net: NetName=GND Pin=C2-1
Removed Pin From Net: NetName=GND Pin=C4-1
Removed Pin From Net: NetName=GND Pin=C5-1
Removed Pin From Net: NetName=GND Pin=DIP20-11
Removed Pin From Net: NetName=GND Pin=DIP20-13
Removed Pin From Net: NetName=GND Pin=DIP20-15
Removed Pin From Net: NetName=GND Pin=DIP20-17
Removed Pin From Net: NetName=GND Pin=DIP20-19
Removed Pin From Net: NetName=GND Pin=DIP20-20
Removed Pin From Net: NetName=GND Pin=M1-1-2
Removed Pin From Net: NetName=GND Pin=M1-2-2
Removed Pin From Net: NetName=GND Pin=M3-1-2
Removed Pin From Net: NetName=GND Pin=M3-2-2
Added Pin To Net: NetName=Net8-PIN-1_6 Pin=8-PIN-1-6
Added Pin To Net: NetName=Net8-PIN-1_6 Pin=8-PIN-1-7
Added Pin To Net: NetName=Net8-PIN-1_6 Pin=15V-1-2
Added Pin To Net: NetName=Net8-PIN-1_6 Pin=C1-1
Added Pin To Net: NetName=Net8-PIN-1_6 Pin=C2-1
Added Pin To Net: NetName=Net8-PIN-1_6 Pin=DIP20-11
Added Pin To Net: NetName=Net8-PIN-1_6 Pin=DIP20-13
Added Pin To Net: NetName=Net8-PIN-1_6 Pin=DIP20-15
Added Pin To Net: NetName=Net8-PIN-1_6 Pin=M1-1-2
Added Pin To Net: NetName=Net8-PIN-1_6 Pin=M3-1-2
Added Net: Name=Net8-PIN-1_6
Added Pin To Net: NetName=Net8-PIN-2_6 Pin=8-PIN-2-6
Added Pin To Net: NetName=Net8-PIN-2_6 Pin=8-PIN-2-7
Added Pin To Net: NetName=Net8-PIN-2_6 Pin=15V-2-2
Added Pin To Net: NetName=Net8-PIN-2_6 Pin=C4-1
Added Pin To Net: NetName=Net8-PIN-2_6 Pin=C5-1
Added Pin To Net: NetName=Net8-PIN-2_6 Pin=DIP20-17
Added Pin To Net: NetName=Net8-PIN-2_6 Pin=DIP20-19
Added Pin To Net: NetName=Net8-PIN-2_6 Pin=DIP20-20
Added Pin To Net: NetName=Net8-PIN-2_6 Pin=M1-2-2
Added Pin To Net: NetName=Net8-PIN-2_6 Pin=M3-2-2
Added Net: Name=Net8-PIN-2_6
